[debug] [2022-10-09T10:10:19.976Z] ----------------------------------------------------------------------
[debug] [2022-10-09T10:10:19.977Z] Command:       C:\Program Files\nodejs\node.exe C:\Users\Drunkenvalley\AppData\Roaming\npm\node_modules\firebase-tools\lib\bin\firebase.js emulators:start
[debug] [2022-10-09T10:10:19.977Z] CLI Version:   11.9.0
[debug] [2022-10-09T10:10:19.977Z] Platform:      win32
[debug] [2022-10-09T10:10:19.978Z] Node Version:  v16.13.1
[debug] [2022-10-09T10:10:19.978Z] Time:          Sun Oct 09 2022 12:10:19 GMT+0200 (Central European Summer Time)
[debug] [2022-10-09T10:10:19.978Z] ----------------------------------------------------------------------
[debug] 
[debug] [2022-10-09T10:10:20.039Z] > command requires scopes: ["email","openid","https://www.googleapis.com/auth/cloudplatformprojects.readonly","https://www.googleapis.com/auth/firebase","https://www.googleapis.com/auth/cloud-platform"]
[debug] [2022-10-09T10:10:20.039Z] > authorizing via signed-in user (drunkenvalley@gmail.com)
[debug] [2022-10-09T10:10:20.121Z] java version "18.0.2.1" 2022-08-18
Java(TM) SE Runtime Environment (build 18.0.2.1+1-1)
Java HotSpot(TM) 64-Bit Server VM (build 18.0.2.1+1-1, mixed mode, sharing)

[debug] [2022-10-09T10:10:20.143Z] Parsed Java major version: 18
[info] i  emulators: Starting emulators: firestore {"metadata":{"emulator":{"name":"hub"},"message":"Starting emulators: firestore"}}
[debug] [2022-10-09T10:10:20.153Z] [hub] writing locator at C:\Users\DRUNKE~1\AppData\Local\Temp\hub-raidme-link.json
[debug] [2022-10-09T10:10:20.163Z] Ignoring unsupported arg: projectId {"metadata":{"emulator":{"name":"firestore"},"message":"Ignoring unsupported arg: projectId"}}
[debug] [2022-10-09T10:10:20.163Z] Ignoring unsupported arg: auto_download {"metadata":{"emulator":{"name":"firestore"},"message":"Ignoring unsupported arg: auto_download"}}
[debug] [2022-10-09T10:10:20.163Z] Starting Firestore Emulator with command {"binary":"java","args":["-Dgoogle.cloud_firestore.debug_log_level=FINE","-Duser.language=en","-jar","C:\\Users\\Drunkenvalley\\.cache\\firebase\\emulators\\cloud-firestore-emulator-v1.14.4.jar","--host","localhost","--port",3001,"--rules","C:\\Users\\Drunkenvalley\\Documents\\Codebases\\raidme-link\\firestore.rules"],"optionalArgs":["port","webchannel_port","host","rules","functions_emulator","seed_from_export"],"joinArgs":false} {"metadata":{"emulator":{"name":"firestore"},"message":"Starting Firestore Emulator with command {\"binary\":\"java\",\"args\":[\"-Dgoogle.cloud_firestore.debug_log_level=FINE\",\"-Duser.language=en\",\"-jar\",\"C:\\\\Users\\\\Drunkenvalley\\\\.cache\\\\firebase\\\\emulators\\\\cloud-firestore-emulator-v1.14.4.jar\",\"--host\",\"localhost\",\"--port\",3001,\"--rules\",\"C:\\\\Users\\\\Drunkenvalley\\\\Documents\\\\Codebases\\\\raidme-link\\\\firestore.rules\"],\"optionalArgs\":[\"port\",\"webchannel_port\",\"host\",\"rules\",\"functions_emulator\",\"seed_from_export\"],\"joinArgs\":false}"}}
[info] i  firestore: Firestore Emulator logging to firestore-debug.log {"metadata":{"emulator":{"name":"firestore"},"message":"Firestore Emulator logging to \u001b[1mfirestore-debug.log\u001b[22m"}}
[debug] [2022-10-09T10:10:21.203Z] Ignoring unsupported arg: auto_download {"metadata":{"emulator":{"name":"ui"},"message":"Ignoring unsupported arg: auto_download"}}
[debug] [2022-10-09T10:10:21.203Z] Ignoring unsupported arg: port {"metadata":{"emulator":{"name":"ui"},"message":"Ignoring unsupported arg: port"}}
[debug] [2022-10-09T10:10:21.203Z] Starting Emulator UI with command {"binary":"node","args":["C:\\Users\\Drunkenvalley\\.cache\\firebase\\emulators\\ui-v1.9.0\\server\\server.js"],"optionalArgs":[],"joinArgs":false} {"metadata":{"emulator":{"name":"ui"},"message":"Starting Emulator UI with command {\"binary\":\"node\",\"args\":[\"C:\\\\Users\\\\Drunkenvalley\\\\.cache\\\\firebase\\\\emulators\\\\ui-v1.9.0\\\\server\\\\server.js\"],\"optionalArgs\":[],\"joinArgs\":false}"}}
[info] i  ui: Emulator UI logging to ui-debug.log {"metadata":{"emulator":{"name":"ui"},"message":"Emulator UI logging to \u001b[1mui-debug.log\u001b[22m"}}
[debug] [2022-10-09T10:10:21.316Z] Web / API server started at localhost:8080
 {"metadata":{"emulator":{"name":"ui"},"message":"Web / API server started at localhost:8080\n"}}
[info] 
┌─────────────────────────────────────────────────────────────┐
│ ✔  All emulators ready! It is now safe to connect your app. │
│ i  View Emulator UI at http://localhost:8080                │
└─────────────────────────────────────────────────────────────┘

┌───────────┬────────────────┬─────────────────────────────────┐
│ Emulator  │ Host:Port      │ View in Emulator UI             │
├───────────┼────────────────┼─────────────────────────────────┤
│ Firestore │ localhost:3001 │ http://localhost:8080/firestore │
└───────────┴────────────────┴─────────────────────────────────┘
  Emulator Hub running at localhost:4400
  Other reserved ports: 4500

Issues? Report them at https://github.com/firebase/firebase-tools/issues and attach the *-debug.log files.
 
[warn] !  firestore: Fatal error occurred: 
   Firestore Emulator has exited with code: 3221225786, 
   stopping all running emulators {"metadata":{"emulator":{"name":"firestore"},"message":"Fatal error occurred: \n   Firestore Emulator has exited with code: 3221225786, \n   stopping all running emulators"}}
[info] i  ui: Stopping Emulator UI {"metadata":{"emulator":{"name":"ui"},"message":"Stopping Emulator UI"}}
[warn] !  Emulator UI has exited upon receiving signal: SIGINT 
[info] i  firestore: Stopping Firestore Emulator {"metadata":{"emulator":{"name":"firestore"},"message":"Stopping Firestore Emulator"}}
[debug] [2022-10-09T14:03:36.988Z] Received signal SIGHUP 1
[debug] [2022-10-11T08:25:59.275Z] ----------------------------------------------------------------------
[debug] [2022-10-11T08:25:59.277Z] Command:       C:\Program Files\nodejs\node.exe C:\Users\Drunkenvalley\AppData\Roaming\npm\node_modules\firebase-tools\lib\bin\firebase.js emulators:start
[debug] [2022-10-11T08:25:59.277Z] CLI Version:   11.9.0
[debug] [2022-10-11T08:25:59.277Z] Platform:      win32
[debug] [2022-10-11T08:25:59.277Z] Node Version:  v16.13.1
[debug] [2022-10-11T08:25:59.278Z] Time:          Tue Oct 11 2022 10:25:59 GMT+0200 (Central European Summer Time)
[debug] [2022-10-11T08:25:59.278Z] ----------------------------------------------------------------------
[debug] 
[debug] [2022-10-11T08:25:59.281Z] >>> [apiv2][query] GET https://firebase-public.firebaseio.com/cli.json [none]
[debug] [2022-10-11T08:25:59.348Z] > command requires scopes: ["email","openid","https://www.googleapis.com/auth/cloudplatformprojects.readonly","https://www.googleapis.com/auth/firebase","https://www.googleapis.com/auth/cloud-platform"]
[debug] [2022-10-11T08:25:59.348Z] > authorizing via signed-in user (drunkenvalley@gmail.com)
[debug] [2022-10-11T08:25:59.590Z] java version "18.0.2.1" 2022-08-18
Java(TM) SE Runtime Environment (build 18.0.2.1+1-1)
Java HotSpot(TM) 64-Bit Server VM (build 18.0.2.1+1-1, mixed mode, sharing)

[debug] [2022-10-11T08:25:59.611Z] Parsed Java major version: 18
[info] i  emulators: Starting emulators: firestore {"metadata":{"emulator":{"name":"hub"},"message":"Starting emulators: firestore"}}
[warn] !  emulators: It seems that you are running multiple instances of the emulator suite for project raidme-link. This may result in unexpected behavior. 
[debug] [2022-10-11T08:25:59.620Z] [hub] writing locator at C:\Users\DRUNKE~1\AppData\Local\Temp\hub-raidme-link.json
[debug] [2022-10-11T08:25:59.630Z] Ignoring unsupported arg: projectId {"metadata":{"emulator":{"name":"firestore"},"message":"Ignoring unsupported arg: projectId"}}
[debug] [2022-10-11T08:25:59.630Z] Ignoring unsupported arg: auto_download {"metadata":{"emulator":{"name":"firestore"},"message":"Ignoring unsupported arg: auto_download"}}
[debug] [2022-10-11T08:25:59.630Z] Starting Firestore Emulator with command {"binary":"java","args":["-Dgoogle.cloud_firestore.debug_log_level=FINE","-Duser.language=en","-jar","C:\\Users\\Drunkenvalley\\.cache\\firebase\\emulators\\cloud-firestore-emulator-v1.14.4.jar","--host","localhost","--port",3001,"--rules","C:\\Users\\Drunkenvalley\\Documents\\Codebases\\raidme-link\\firestore.rules"],"optionalArgs":["port","webchannel_port","host","rules","functions_emulator","seed_from_export"],"joinArgs":false} {"metadata":{"emulator":{"name":"firestore"},"message":"Starting Firestore Emulator with command {\"binary\":\"java\",\"args\":[\"-Dgoogle.cloud_firestore.debug_log_level=FINE\",\"-Duser.language=en\",\"-jar\",\"C:\\\\Users\\\\Drunkenvalley\\\\.cache\\\\firebase\\\\emulators\\\\cloud-firestore-emulator-v1.14.4.jar\",\"--host\",\"localhost\",\"--port\",3001,\"--rules\",\"C:\\\\Users\\\\Drunkenvalley\\\\Documents\\\\Codebases\\\\raidme-link\\\\firestore.rules\"],\"optionalArgs\":[\"port\",\"webchannel_port\",\"host\",\"rules\",\"functions_emulator\",\"seed_from_export\"],\"joinArgs\":false}"}}
[info] i  firestore: Firestore Emulator logging to firestore-debug.log {"metadata":{"emulator":{"name":"firestore"},"message":"Firestore Emulator logging to \u001b[1mfirestore-debug.log\u001b[22m"}}
[debug] [2022-10-11T08:25:59.676Z] <<< [apiv2][status] GET https://firebase-public.firebaseio.com/cli.json 200
[debug] [2022-10-11T08:25:59.676Z] <<< [apiv2][body] GET https://firebase-public.firebaseio.com/cli.json {"cloudBuildErrorAfter":1594252800000,"cloudBuildWarnAfter":1590019200000,"defaultNode10After":1594252800000,"minVersion":"3.0.5","node8DeploysDisabledAfter":1613390400000,"node8RuntimeDisabledAfter":1615809600000,"node8WarnAfter":1600128000000}
[debug] [2022-10-11T08:26:00.936Z] Ignoring unsupported arg: auto_download {"metadata":{"emulator":{"name":"ui"},"message":"Ignoring unsupported arg: auto_download"}}
[debug] [2022-10-11T08:26:00.936Z] Ignoring unsupported arg: port {"metadata":{"emulator":{"name":"ui"},"message":"Ignoring unsupported arg: port"}}
[debug] [2022-10-11T08:26:00.936Z] Starting Emulator UI with command {"binary":"node","args":["C:\\Users\\Drunkenvalley\\.cache\\firebase\\emulators\\ui-v1.9.0\\server\\server.js"],"optionalArgs":[],"joinArgs":false} {"metadata":{"emulator":{"name":"ui"},"message":"Starting Emulator UI with command {\"binary\":\"node\",\"args\":[\"C:\\\\Users\\\\Drunkenvalley\\\\.cache\\\\firebase\\\\emulators\\\\ui-v1.9.0\\\\server\\\\server.js\"],\"optionalArgs\":[],\"joinArgs\":false}"}}
[info] i  ui: Emulator UI logging to ui-debug.log {"metadata":{"emulator":{"name":"ui"},"message":"Emulator UI logging to \u001b[1mui-debug.log\u001b[22m"}}
[debug] [2022-10-11T08:26:01.055Z] Web / API server started at localhost:8080
 {"metadata":{"emulator":{"name":"ui"},"message":"Web / API server started at localhost:8080\n"}}
[info] 
┌─────────────────────────────────────────────────────────────┐
│ ✔  All emulators ready! It is now safe to connect your app. │
│ i  View Emulator UI at http://localhost:8080                │
└─────────────────────────────────────────────────────────────┘

┌───────────┬────────────────┬─────────────────────────────────┐
│ Emulator  │ Host:Port      │ View in Emulator UI             │
├───────────┼────────────────┼─────────────────────────────────┤
│ Firestore │ localhost:3001 │ http://localhost:8080/firestore │
└───────────┴────────────────┴─────────────────────────────────┘
  Emulator Hub running at localhost:4400
  Other reserved ports: 4500

Issues? Report them at https://github.com/firebase/firebase-tools/issues and attach the *-debug.log files.
 
